1629816415822	geckodriver	INFO	Listening on 127.0.0.1:53634
1629816418814	mozrunner::runner	INFO	Running command: "C:\\Program Files\\Mozilla Firefox\\firefox.exe" "--marionette" "--ignore-certificate-errors" "--incognito" "headless" "-foreground" "-no-remote" "-profile" "C:\\Users\\josep\\AppData\\Local\\Temp\\rust_mozprofileQx8OIG"
1629816514962	geckodriver	INFO	Listening on 127.0.0.1:59782
1629816517989	mozrunner::runner	INFO	Running command: "C:\\Program Files\\Mozilla Firefox\\firefox.exe" "--marionette" "--ignore-certificate-errors" "--incognito" "headless" "-foreground" "-no-remote" "-profile" "C:\\Users\\josep\\AppData\\Local\\Temp\\rust_mozprofileoGutMw"
1629816521426	Marionette	INFO	Marionette enabled
console.warn: SearchSettings: "get: No settings file exists, new profile?" (new NotFoundError("Could not open the file at C:\\Users\\josep\\AppData\\Local\\Temp\\rust_mozprofileoGutMw\\search.json.mozlz4", (void 0)))
1629816529227	Marionette	INFO	Listening on port 59790
1629816529557	RemoteAgent	WARN	TLS certificate errors will be ignored for this session
JavaScript warning: https://www.googletagmanager.com/gtm.js?id=GTM-P2C5HG, line 327: unreachable code after return statement
1629816543002	Marionette	INFO	Stopped listening on port 59790
JavaScript error: resource:///modules/Interactions.jsm, line 209: NS_ERROR_FAILURE: Component returned failure code: 0x80004005 (NS_ERROR_FAILURE) [nsIUserIdleService.removeIdleObserver]
JavaScript error: chrome://remote/content/marionette/cert.js, line 55: NS_ERROR_NOT_AVAILABLE: Component returned failure code: 0x80040111 (NS_ERROR_NOT_AVAILABLE) [nsICertOverrideService.setDisableAllSecurityChecksAndLetAttackersInterceptMyData]
JavaScript error: chrome://remote/content/marionette/driver.js, line 2245: NS_ERROR_ILLEGAL_VALUE: Component returned failure code: 0x80070057 (NS_ERROR_ILLEGAL_VALUE) [nsIObserverService.removeObserver]

###!!! [Parent][MessageChannel] Error: (msgtype=0x390076,name=PContent::Msg_DestroyBrowsingContextGroup) Closed channel: cannot send/recv

JavaScript error: resource://gre/modules/Sqlite.jsm, line 1030: Error: Sqlite.jsm has been shutdown. Cannot open connection to: C:\Users\josep\AppData\Local\Temp\rust_mozprofileoGutMw\protections.sqlite

###!!! [Child][RunMessage] Error: Channel closing: too late to send/recv, messages will be lost


###!!! [Child][RunMessage] Error: Channel closing: too late to send/recv, messages will be lost


###!!! [Child][MessageChannel] Error: (msgtype=0x690023,name=PNecko::Msg_RemoveRequestContext) Channel closing: too late to send/recv, messages will be lost


###!!! [Child][MessageChannel] Error: (msgtype=0x23002E,name=PBrowser::Msg___delete__) Channel closing: too late to send/recv, messages will be lost

1629816728769	geckodriver	INFO	Listening on 127.0.0.1:49772
1629816731716	mozrunner::runner	INFO	Running command: "C:\\Program Files\\Mozilla Firefox\\firefox.exe" "--marionette" "--ignore-certificate-errors" "--incognito" "-headless" "-foreground" "-no-remote" "-profile" "C:\\Users\\josep\\AppData\\Local\\Temp\\rust_mozprofileCKyev3"
*** You are running in headless mode.
1629816733400	Marionette	INFO	Marionette enabled
[GFX1-]: RenderCompositorSWGL failed mapping default framebuffer, no dt
console.warn: SearchSettings: "get: No settings file exists, new profile?" (new NotFoundError("Could not open the file at C:\\Users\\josep\\AppData\\Local\\Temp\\rust_mozprofileCKyev3\\search.json.mozlz4", (void 0)))
1629816738153	Marionette	INFO	Listening on port 49780
1629816740912	RemoteAgent	WARN	TLS certificate errors will be ignored for this session
JavaScript warning: https://www.googletagmanager.com/gtm.js?id=GTM-P2C5HG, line 327: unreachable code after return statement
1629816801975	geckodriver	INFO	Listening on 127.0.0.1:52298
1629816805022	mozrunner::runner	INFO	Running command: "C:\\Program Files\\Mozilla Firefox\\firefox.exe" "--marionette" "--ignore-certificate-errors" "--incognito" "-headless" "-foreground" "-no-remote" "-profile" "C:\\Users\\josep\\AppData\\Local\\Temp\\rust_mozprofilegft9rC"
*** You are running in headless mode.
1629816806880	Marionette	INFO	Marionette enabled
[GFX1-]: RenderCompositorSWGL failed mapping default framebuffer, no dt
console.warn: SearchSettings: "get: No settings file exists, new profile?" (new NotFoundError("Could not open the file at C:\\Users\\josep\\AppData\\Local\\Temp\\rust_mozprofilegft9rC\\search.json.mozlz4", (void 0)))
1629816811506	Marionette	INFO	Listening on port 52307
1629816811748	RemoteAgent	WARN	TLS certificate errors will be ignored for this session
JavaScript warning: https://www.googletagmanager.com/gtm.js?id=GTM-P2C5HG, line 327: unreachable code after return statement
console.error: services.settings: 
  main/doh-providers Signature failed  InvalidSignatureError: Invalid content signature (main/doh-providers)
console.error: services.settings: 
  main/doh-providers local data was corrupted
console.warn: services.settings: main/doh-providers Signature verified failed. Retry from scratch
console.error: services.settings: 
  main/doh-config Signature failed  InvalidSignatureError: Invalid content signature (main/doh-config)
console.error: services.settings: 
  main/doh-config local data was corrupted
console.warn: services.settings: main/doh-config Signature verified failed. Retry from scratch
console.log: WebExtensions: reset-default-search: starting.
console.log: WebExtensions: reset-default-search: No addons in our list are installed.
JavaScript error: , line 0: NS_ERROR_NOT_AVAILABLE
JavaScript error: , line 0: NotFoundError: Could not move source file(C:\Users\josep\AppData\Local\Temp\rust_mozprofilegft9rC\bookmarkbackups\bookmarks-2021-08-24_11_90NqNig+zicMYanELoGa5g==.jsonlz4) because it does not exist
unner	INFO	Running command: "C:\\Program Files\\Mozilla Firefox\\firefox.exe" "--marionette" "--ignore-certificate-errors" "--incognito" "-headless" "-foreground" "-no-remote" "-profile" "C:\\Users\\josep\\AppData\\Local\\Temp\\rust_mozprofileCw7Wsd"
*** You are running in headless mode.
1629817712056	Marionette	INFO	Marionette enabled
[GFX1-]: RenderCompositorSWGL failed mapping default framebuffer, no dt
console.warn: SearchSettings: "get: No settings file exists, new profile?" (new NotFoundError("Could not open the file at C:\\Users\\josep\\AppData\\Local\\Temp\\rust_mozprofileCw7Wsd\\search.json.mozlz4", (void 0)))
1629817718726	Marionette	INFO	Listening on port 54296
1629817719452	RemoteAgent	WARN	TLS certificate errors will be ignored for this session
JavaScript warning: https://www.googletagmanager.com/gtm.js?id=GTM-P2C5HG, line 327: unreachable code after return statement
console.error: services.settings: 
  main/doh-providers Signature failed  InvalidSignatureError: Invalid content signature (main/doh-providers)
console.error: services.settings: 
  main/doh-providers local data was corrupted
console.warn: services.settings: main/doh-providers Signature verified failed. Retry from scratch
console.error: services.settings: 
  main/doh-config Signature failed  InvalidSignatureError: Invalid content signature (main/doh-config)
console.error: services.settings: 
  main/doh-config local data was corrupted
console.warn: services.settings: main/doh-config Signature verified failed. Retry from scratch
console.log: WebExtensions: reset-default-search: starting.
console.log: WebExtensions: reset-default-search: No addons in our list are installed.
JavaScript error: , line 0: NS_ERROR_NOT_AVAILABLE
JavaScript error: , line 0: NotFoundError: Could not move source file(C:\Users\josep\AppData\Local\Temp\rust_mozprofileCw7Wsd\bookmarkbackups\bookmarks-2021-08-24_11_yP8Y+JmfvP8SHMLfRzEzfw==.jsonlz4) because it does not exist
adless" "-foreground" "-no-remote" "-profile" "C:\\Users\\josep\\AppData\\Local\\Temp\\rust_mozprofileNxw46k"
*** You are running in headless mode.
1629825925202	Marionette	INFO	Marionette enabled
[GFX1-]: RenderCompositorSWGL failed mapping default framebuffer, no dt
console.warn: SearchSettings: "get: No settings file exists, new profile?" (new NotFoundError("Could not open the file at C:\\Users\\josep\\AppData\\Local\\Temp\\rust_mozprofileNxw46k\\search.json.mozlz4", (void 0)))
1629825929275	Marionette	INFO	Listening on port 64035
1629825929614	RemoteAgent	WARN	TLS certificate errors will be ignored for this session
JavaScript warning: https://www.googletagmanager.com/gtm.js?id=GTM-P2C5HG, line 327: unreachable code after return statement
console.error: services.settings: 
  main/doh-providers Signature failed  InvalidSignatureError: Invalid content signature (main/doh-providers)
console.error: services.settings: 
  main/doh-providers local data was corrupted
console.warn: services.settings: main/doh-providers Signature verified failed. Retry from scratch
console.error: services.settings: 
  main/doh-config Signature failed  InvalidSignatureError: Invalid content signature (main/doh-config)
console.error: services.settings: 
  main/doh-config local data was corrupted
console.warn: services.settings: main/doh-config Signature verified failed. Retry from scratch
console.log: WebExtensions: reset-default-search: starting.
console.log: WebExtensions: reset-default-search: No addons in our list are installed.
JavaScript error: , line 0: NS_ERROR_NOT_AVAILABLE
JavaScript error: , line 0: NotFoundError: Could not move source file(C:\Users\josep\AppData\Local\Temp\rust_mozprofileNxw46k\bookmarkbackups\bookmarks-2021-08-24_11_nvPUb73j9cUX+DLVm4gmlw==.jsonlz4) because it does not exist
1629896194708	geckodriver	INFO	Listening on 127.0.0.1:55142
1629896197775	mozrunner::runner	INFO	Running command: "C:\\Program Files\\Mozilla Firefox\\firefox.exe" "--marionette" "--ignore-certificate-errors" "--incognito" "-headless" "-foreground" "-no-remote" "-profile" "C:\\Users\\josep\\AppData\\Local\\Temp\\rust_mozprofilezmGAp2"
*** You are running in headless mode.
1629896199241	Marionette	INFO	Marionette enabled
[GFX1-]: RenderCompositorSWGL failed mapping default framebuffer, no dt
console.warn: SearchSettings: "get: No settings file exists, new profile?" (new NotFoundError("Could not open the file at C:\\Users\\josep\\AppData\\Local\\Temp\\rust_mozprofilezmGAp2\\search.json.mozlz4", (void 0)))
1629896203419	Marionette	INFO	Listening on port 55150
1629896203701	RemoteAgent	WARN	TLS certificate errors will be ignored for this session
JavaScript warning: https://www.googletagmanager.com/gtm.js?id=GTM-P2C5HG, line 327: unreachable code after return statement
